<?xml version="1.0" encoding="UTF-8"?>
<testsuite name="leetcode.solutions.medium._003_longest_substring_without_repeating_characters.java.LongestSubstringWithoutRepeatingCharactersTest" tests="6" skipped="0" failures="0" errors="0" timestamp="2020-11-02T20:47:58" hostname="ctkit" time="0.004">
  <properties/>
  <testcase name="case3_equals" classname="leetcode.solutions.medium._003_longest_substring_without_repeating_characters.java.LongestSubstringWithoutRepeatingCharactersTest" time="0.001"/>
  <testcase name="case1_equals" classname="leetcode.solutions.medium._003_longest_substring_without_repeating_characters.java.LongestSubstringWithoutRepeatingCharactersTest" time="0.0"/>
  <testcase name="case6_equals" classname="leetcode.solutions.medium._003_longest_substring_without_repeating_characters.java.LongestSubstringWithoutRepeatingCharactersTest" time="0.0"/>
  <testcase name="case4_equals" classname="leetcode.solutions.medium._003_longest_substring_without_repeating_characters.java.LongestSubstringWithoutRepeatingCharactersTest" time="0.0"/>
  <testcase name="case2_equals" classname="leetcode.solutions.medium._003_longest_substring_without_repeating_characters.java.LongestSubstringWithoutRepeatingCharactersTest" time="0.0"/>
  <testcase name="case5_equals" classname="leetcode.solutions.medium._003_longest_substring_without_repeating_characters.java.LongestSubstringWithoutRepeatingCharactersTest" time="0.0"/>
  <system-out><![CDATA[]]></system-out>
  <system-err><![CDATA[]]></system-err>
</testsuite>
