<?xml version="1.0" encoding="UTF-8"?>
<testsuite name="leetcode.solutions.easy._007_reverse_integer.java.ReverseIntegerTest" tests="5" skipped="0" failures="0" errors="0" timestamp="2020-11-02T20:47:58" hostname="ctkit" time="0.001">
  <properties/>
  <testcase name="case3_equals" classname="leetcode.solutions.easy._007_reverse_integer.java.ReverseIntegerTest" time="0.0"/>
  <testcase name="case1_equals" classname="leetcode.solutions.easy._007_reverse_integer.java.ReverseIntegerTest" time="0.0"/>
  <testcase name="case4_equals" classname="leetcode.solutions.easy._007_reverse_integer.java.ReverseIntegerTest" time="0.0"/>
  <testcase name="case2_equals" classname="leetcode.solutions.easy._007_reverse_integer.java.ReverseIntegerTest" time="0.0"/>
  <testcase name="case5_equals" classname="leetcode.solutions.easy._007_reverse_integer.java.ReverseIntegerTest" time="0.001"/>
  <system-out><![CDATA[]]></system-out>
  <system-err><![CDATA[]]></system-err>
</testsuite>
