<?xml version="1.0" encoding="UTF-8"?>
<testsuite name="leetcode.solutions.easy._026_remove_duplicates_from_sorted_array.java.RemoveDuplicatesFromSortedArrayTest" tests="2" skipped="0" failures="0" errors="0" timestamp="2020-11-02T20:47:58" hostname="ctkit" time="0.001">
  <properties/>
  <testcase name="case1_equals" classname="leetcode.solutions.easy._026_remove_duplicates_from_sorted_array.java.RemoveDuplicatesFromSortedArrayTest" time="0.001"/>
  <testcase name="case2_equals" classname="leetcode.solutions.easy._026_remove_duplicates_from_sorted_array.java.RemoveDuplicatesFromSortedArrayTest" time="0.0"/>
  <system-out><![CDATA[]]></system-out>
  <system-err><![CDATA[]]></system-err>
</testsuite>
