<?xml version="1.0" encoding="UTF-8"?>
<testsuite name="leetcode.solutions.medium._002_add_two_numbers.java.AddTwoNumbersTest" tests="3" skipped="0" failures="0" errors="0" timestamp="2020-11-02T20:47:58" hostname="ctkit" time="0.003">
  <properties/>
  <testcase name="case3_equals" classname="leetcode.solutions.medium._002_add_two_numbers.java.AddTwoNumbersTest" time="0.002"/>
  <testcase name="case1_equals" classname="leetcode.solutions.medium._002_add_two_numbers.java.AddTwoNumbersTest" time="0.001"/>
  <testcase name="case2_equals" classname="leetcode.solutions.medium._002_add_two_numbers.java.AddTwoNumbersTest" time="0.0"/>
  <system-out><![CDATA[]]></system-out>
  <system-err><![CDATA[]]></system-err>
</testsuite>
