<?xml version="1.0" encoding="UTF-8"?>
<testsuite name="leetcode.solutions.easy._035_search_insert_position.java.solution_1.SearchInsertPosition_Solution1Test" tests="7" skipped="0" failures="0" errors="0" timestamp="2020-11-02T20:47:58" hostname="ctkit" time="0.005">
  <properties/>
  <testcase name="case3_equals" classname="leetcode.solutions.easy._035_search_insert_position.java.solution_1.SearchInsertPosition_Solution1Test" time="0.0"/>
  <testcase name="case1_equals" classname="leetcode.solutions.easy._035_search_insert_position.java.solution_1.SearchInsertPosition_Solution1Test" time="0.0"/>
  <testcase name="case6_equals" classname="leetcode.solutions.easy._035_search_insert_position.java.solution_1.SearchInsertPosition_Solution1Test" time="0.0"/>
  <testcase name="case4_equals" classname="leetcode.solutions.easy._035_search_insert_position.java.solution_1.SearchInsertPosition_Solution1Test" time="0.0"/>
  <testcase name="case2_equals" classname="leetcode.solutions.easy._035_search_insert_position.java.solution_1.SearchInsertPosition_Solution1Test" time="0.001"/>
  <testcase name="case7_equals" classname="leetcode.solutions.easy._035_search_insert_position.java.solution_1.SearchInsertPosition_Solution1Test" time="0.001"/>
  <testcase name="case5_equals" classname="leetcode.solutions.easy._035_search_insert_position.java.solution_1.SearchInsertPosition_Solution1Test" time="0.0"/>
  <system-out><![CDATA[]]></system-out>
  <system-err><![CDATA[]]></system-err>
</testsuite>
